mode: set
github.com/telekom/controlplane/rover/cmd/main.go:48.13,57.2 6 0
github.com/telekom/controlplane/rover/cmd/main.go:59.13,94.38 18 0
github.com/telekom/controlplane/rover/cmd/main.go:94.38,97.3 2 0
github.com/telekom/controlplane/rover/cmd/main.go:99.2,100.18 2 0
github.com/telekom/controlplane/rover/cmd/main.go:100.18,102.3 1 0
github.com/telekom/controlplane/rover/cmd/main.go:104.2,109.16 3 0
github.com/telekom/controlplane/rover/cmd/main.go:109.16,112.3 2 0
github.com/telekom/controlplane/rover/cmd/main.go:118.2,130.19 2 0
github.com/telekom/controlplane/rover/cmd/main.go:130.19,136.3 1 0
github.com/telekom/controlplane/rover/cmd/main.go:138.2,157.16 2 0
github.com/telekom/controlplane/rover/cmd/main.go:157.16,160.3 2 0
github.com/telekom/controlplane/rover/cmd/main.go:163.2,170.39 3 0
github.com/telekom/controlplane/rover/cmd/main.go:170.39,173.3 2 0
github.com/telekom/controlplane/rover/cmd/main.go:175.2,178.39 1 0
github.com/telekom/controlplane/rover/cmd/main.go:178.39,181.3 2 0
github.com/telekom/controlplane/rover/cmd/main.go:183.2,183.45 1 0
github.com/telekom/controlplane/rover/cmd/main.go:183.45,184.70 1 0
github.com/telekom/controlplane/rover/cmd/main.go:184.70,187.4 2 0
github.com/telekom/controlplane/rover/cmd/main.go:191.2,191.69 1 0
github.com/telekom/controlplane/rover/cmd/main.go:191.69,194.3 2 0
github.com/telekom/controlplane/rover/cmd/main.go:195.2,195.67 1 0
github.com/telekom/controlplane/rover/cmd/main.go:195.67,198.3 2 0
github.com/telekom/controlplane/rover/cmd/main.go:200.2,201.39 2 0
github.com/telekom/controlplane/rover/cmd/main.go:201.39,204.3 2 0
github.com/telekom/controlplane/rover/internal/handler/rover/application/application.go:34.97,49.16 5 0
github.com/telekom/controlplane/rover/internal/handler/rover/application/application.go:49.16,51.3 1 0
github.com/telekom/controlplane/rover/internal/handler/rover/application/application.go:53.2,55.26 2 0
github.com/telekom/controlplane/rover/internal/handler/rover/application/application.go:55.26,57.17 2 0
github.com/telekom/controlplane/rover/internal/handler/rover/application/application.go:57.17,59.4 1 0
github.com/telekom/controlplane/rover/internal/handler/rover/application/application.go:62.3,63.17 2 0
github.com/telekom/controlplane/rover/internal/handler/rover/application/application.go:63.17,65.4 1 0
github.com/telekom/controlplane/rover/internal/handler/rover/application/application.go:67.3,68.10 2 0
github.com/telekom/controlplane/rover/internal/handler/rover/application/application.go:68.10,70.4 1 0
github.com/telekom/controlplane/rover/internal/handler/rover/application/application.go:72.3,86.13 3 0
github.com/telekom/controlplane/rover/internal/handler/rover/application/application.go:89.2,90.16 2 0
github.com/telekom/controlplane/rover/internal/handler/rover/application/application.go:90.16,92.3 1 0
github.com/telekom/controlplane/rover/internal/handler/rover/application/application.go:94.2,99.12 2 0
github.com/telekom/controlplane/rover/internal/handler/rover/application/application.go:103.112,108.35 2 0
github.com/telekom/controlplane/rover/internal/handler/rover/application/application.go:108.35,110.3 1 0
github.com/telekom/controlplane/rover/internal/handler/rover/application/application.go:112.2,120.16 4 0
github.com/telekom/controlplane/rover/internal/handler/rover/application/application.go:120.16,122.3 1 0
github.com/telekom/controlplane/rover/internal/handler/rover/application/application.go:124.2,124.18 1 0
github.com/telekom/controlplane/rover/internal/handler/rover/application/application.go:127.77,129.2 1 0
github.com/telekom/controlplane/rover/internal/handler/rover/api/exposure.go:24.116,44.26 7 0
github.com/telekom/controlplane/rover/internal/handler/rover/api/exposure.go:44.26,46.17 2 0
github.com/telekom/controlplane/rover/internal/handler/rover/api/exposure.go:46.17,48.4 1 0
github.com/telekom/controlplane/rover/internal/handler/rover/api/exposure.go:49.3,67.13 3 0
github.com/telekom/controlplane/rover/internal/handler/rover/api/exposure.go:70.2,71.16 2 0
github.com/telekom/controlplane/rover/internal/handler/rover/api/exposure.go:71.16,73.3 1 0
github.com/telekom/controlplane/rover/internal/handler/rover/api/exposure.go:75.2,79.12 2 0
github.com/telekom/controlplane/rover/internal/handler/rover/api/subscription.go:24.124,44.26 7 0
github.com/telekom/controlplane/rover/internal/handler/rover/api/subscription.go:44.26,46.17 2 0
github.com/telekom/controlplane/rover/internal/handler/rover/api/subscription.go:46.17,48.4 1 0
github.com/telekom/controlplane/rover/internal/handler/rover/api/subscription.go:49.3,67.13 3 0
github.com/telekom/controlplane/rover/internal/handler/rover/api/subscription.go:70.2,71.16 2 0
github.com/telekom/controlplane/rover/internal/handler/rover/api/subscription.go:71.16,73.3 1 0
github.com/telekom/controlplane/rover/internal/handler/rover/api/subscription.go:75.2,82.12 3 0
github.com/telekom/controlplane/rover/internal/handler/rover/api/util.go:11.64,13.24 2 0
github.com/telekom/controlplane/rover/internal/handler/rover/api/util.go:13.24,15.3 1 0
github.com/telekom/controlplane/rover/internal/handler/rover/api/util.go:17.2,17.13 1 0
github.com/telekom/controlplane/rover/internal/handler/rover/handler.go:25.91,32.16 5 0
github.com/telekom/controlplane/rover/internal/handler/rover/handler.go:32.16,34.3 1 0
github.com/telekom/controlplane/rover/internal/handler/rover/handler.go:37.2,38.46 2 0
github.com/telekom/controlplane/rover/internal/handler/rover/handler.go:38.46,39.21 1 0
github.com/telekom/controlplane/rover/internal/handler/rover/handler.go:40.24,42.18 2 0
github.com/telekom/controlplane/rover/internal/handler/rover/handler.go:42.18,44.5 1 0
github.com/telekom/controlplane/rover/internal/handler/rover/handler.go:46.26,47.55 1 0
github.com/telekom/controlplane/rover/internal/handler/rover/handler.go:49.11,50.70 1 0
github.com/telekom/controlplane/rover/internal/handler/rover/handler.go:55.2,56.50 2 0
github.com/telekom/controlplane/rover/internal/handler/rover/handler.go:56.50,57.21 1 0
github.com/telekom/controlplane/rover/internal/handler/rover/handler.go:58.24,60.18 2 0
github.com/telekom/controlplane/rover/internal/handler/rover/handler.go:60.18,62.5 1 0
github.com/telekom/controlplane/rover/internal/handler/rover/handler.go:64.26,65.59 1 0
github.com/telekom/controlplane/rover/internal/handler/rover/handler.go:67.11,68.74 1 0
github.com/telekom/controlplane/rover/internal/handler/rover/handler.go:73.2,73.70 1 0
github.com/telekom/controlplane/rover/internal/handler/rover/handler.go:73.70,75.3 1 0
github.com/telekom/controlplane/rover/internal/handler/rover/handler.go:77.2,80.18 2 0
github.com/telekom/controlplane/rover/internal/handler/rover/handler.go:80.18,83.3 1 0
github.com/telekom/controlplane/rover/internal/handler/rover/handler.go:83.8,86.3 1 0
github.com/telekom/controlplane/rover/internal/handler/rover/handler.go:87.2,87.12 1 0
github.com/telekom/controlplane/rover/internal/handler/rover/handler.go:90.80,92.2 1 0
github.com/telekom/controlplane/rover/internal/handler/apispecification/handler.go:26.110,34.16 4 0
github.com/telekom/controlplane/rover/internal/handler/apispecification/handler.go:34.16,36.3 1 0
github.com/telekom/controlplane/rover/internal/handler/apispecification/handler.go:38.2,49.26 5 0
github.com/telekom/controlplane/rover/internal/handler/apispecification/handler.go:49.26,51.17 2 0
github.com/telekom/controlplane/rover/internal/handler/apispecification/handler.go:51.17,53.4 1 0
github.com/telekom/controlplane/rover/internal/handler/apispecification/handler.go:55.3,61.13 3 0
github.com/telekom/controlplane/rover/internal/handler/apispecification/handler.go:64.2,65.16 2 0
github.com/telekom/controlplane/rover/internal/handler/apispecification/handler.go:65.16,67.3 1 0
github.com/telekom/controlplane/rover/internal/handler/apispecification/handler.go:69.2,69.20 1 0
github.com/telekom/controlplane/rover/internal/handler/apispecification/handler.go:69.20,73.3 2 0
github.com/telekom/controlplane/rover/internal/handler/apispecification/handler.go:73.8,76.3 2 0
github.com/telekom/controlplane/rover/internal/handler/apispecification/handler.go:78.2,78.12 1 0
github.com/telekom/controlplane/rover/internal/handler/apispecification/handler.go:81.98,83.2 1 0
github.com/telekom/controlplane/rover/internal/handler/apispecification/parse.go:26.80,37.16 6 1
github.com/telekom/controlplane/rover/internal/handler/apispecification/parse.go:37.16,39.3 1 1
github.com/telekom/controlplane/rover/internal/handler/apispecification/parse.go:41.2,42.38 2 1
github.com/telekom/controlplane/rover/internal/handler/apispecification/parse.go:42.38,44.18 2 1
github.com/telekom/controlplane/rover/internal/handler/apispecification/parse.go:44.18,47.4 2 0
github.com/telekom/controlplane/rover/internal/handler/apispecification/parse.go:49.3,57.18 7 1
github.com/telekom/controlplane/rover/internal/handler/apispecification/parse.go:60.2,60.38 1 1
github.com/telekom/controlplane/rover/internal/handler/apispecification/parse.go:60.38,62.18 2 1
github.com/telekom/controlplane/rover/internal/handler/apispecification/parse.go:62.18,65.4 2 0
github.com/telekom/controlplane/rover/internal/handler/apispecification/parse.go:67.3,67.36 1 1
github.com/telekom/controlplane/rover/internal/handler/apispecification/parse.go:67.36,69.4 1 0
github.com/telekom/controlplane/rover/internal/handler/apispecification/parse.go:71.3,72.17 2 1
github.com/telekom/controlplane/rover/internal/handler/apispecification/parse.go:72.17,74.4 1 0
github.com/telekom/controlplane/rover/internal/handler/apispecification/parse.go:76.3,84.18 7 1
github.com/telekom/controlplane/rover/internal/handler/apispecification/parse.go:87.2,87.74 1 0
github.com/telekom/controlplane/rover/internal/handler/apispecification/parse.go:90.39,92.2 1 1
github.com/telekom/controlplane/rover/internal/handler/apispecification/parse.go:94.52,96.16 2 1
github.com/telekom/controlplane/rover/internal/handler/apispecification/parse.go:96.16,98.3 1 0
github.com/telekom/controlplane/rover/internal/handler/apispecification/parse.go:100.2,100.20 1 1
github.com/telekom/controlplane/rover/internal/handler/apispecification/parse.go:103.92,104.25 1 1
github.com/telekom/controlplane/rover/internal/handler/apispecification/parse.go:104.25,106.3 1 1
github.com/telekom/controlplane/rover/internal/handler/apispecification/parse.go:107.2,108.8 2 1
github.com/telekom/controlplane/rover/internal/handler/apispecification/parse.go:108.8,110.3 1 1
github.com/telekom/controlplane/rover/internal/handler/apispecification/parse.go:111.2,112.8 2 1
github.com/telekom/controlplane/rover/internal/handler/apispecification/parse.go:112.8,114.3 1 1
github.com/telekom/controlplane/rover/internal/handler/apispecification/parse.go:117.79,118.24 1 1
github.com/telekom/controlplane/rover/internal/handler/apispecification/parse.go:118.24,120.3 1 1
github.com/telekom/controlplane/rover/internal/handler/apispecification/parse.go:121.2,121.66 1 1
github.com/telekom/controlplane/rover/internal/webhook/rover_webhook.go:29.54,35.2 1 1
github.com/telekom/controlplane/rover/internal/webhook/rover_webhook.go:45.81,49.2 2 0
github.com/telekom/controlplane/rover/internal/webhook/rover_webhook.go:64.123,68.2 2 0
github.com/telekom/controlplane/rover/internal/webhook/rover_webhook.go:70.131,74.2 2 0
github.com/telekom/controlplane/rover/internal/webhook/rover_webhook.go:76.123,80.2 2 0
github.com/telekom/controlplane/rover/internal/webhook/rover_webhook.go:82.131,84.9 2 0
github.com/telekom/controlplane/rover/internal/webhook/rover_webhook.go:84.9,86.3 1 0
github.com/telekom/controlplane/rover/internal/webhook/rover_webhook.go:88.2,91.9 3 0
github.com/telekom/controlplane/rover/internal/webhook/rover_webhook.go:91.9,93.3 1 0
github.com/telekom/controlplane/rover/internal/webhook/rover_webhook.go:95.2,99.74 2 0
github.com/telekom/controlplane/rover/internal/webhook/rover_webhook.go:99.74,101.3 1 0
github.com/telekom/controlplane/rover/internal/webhook/rover_webhook.go:103.2,103.94 1 0
github.com/telekom/controlplane/rover/internal/webhook/rover_webhook.go:103.94,105.3 1 0
github.com/telekom/controlplane/rover/internal/webhook/rover_webhook.go:107.2,107.47 1 0
github.com/telekom/controlplane/rover/internal/webhook/rover_webhook.go:107.47,108.73 1 0
github.com/telekom/controlplane/rover/internal/webhook/rover_webhook.go:108.73,110.4 1 0
github.com/telekom/controlplane/rover/internal/webhook/rover_webhook.go:113.2,113.48 1 0
github.com/telekom/controlplane/rover/internal/webhook/rover_webhook.go:113.48,114.74 1 0
github.com/telekom/controlplane/rover/internal/webhook/rover_webhook.go:114.74,116.4 1 0
github.com/telekom/controlplane/rover/internal/webhook/rover_webhook.go:119.2,119.17 1 0
github.com/telekom/controlplane/rover/internal/webhook/rover_webhook.go:122.115,124.16 2 0
github.com/telekom/controlplane/rover/internal/webhook/rover_webhook.go:124.16,125.32 1 0
github.com/telekom/controlplane/rover/internal/webhook/rover_webhook.go:125.32,127.4 1 0
github.com/telekom/controlplane/rover/internal/webhook/rover_webhook.go:128.3,128.41 1 0
github.com/telekom/controlplane/rover/internal/webhook/rover_webhook.go:130.2,130.12 1 0
github.com/telekom/controlplane/rover/internal/webhook/rover_webhook.go:133.155,136.50 2 0
github.com/telekom/controlplane/rover/internal/webhook/rover_webhook.go:136.50,141.94 2 0
github.com/telekom/controlplane/rover/internal/webhook/rover_webhook.go:141.94,143.4 1 0
github.com/telekom/controlplane/rover/internal/webhook/rover_webhook.go:146.2,146.8 1 0
github.com/telekom/controlplane/rover/internal/webhook/rover_webhook.go:149.152,150.25 1 0
github.com/telekom/controlplane/rover/internal/webhook/rover_webhook.go:150.25,151.59 1 0
github.com/telekom/controlplane/rover/internal/webhook/rover_webhook.go:151.59,153.4 1 0
github.com/telekom/controlplane/rover/internal/webhook/rover_webhook.go:156.2,156.8 1 0
github.com/telekom/controlplane/rover/internal/webhook/rover_webhook.go:160.88,162.27 2 0
github.com/telekom/controlplane/rover/internal/webhook/rover_webhook.go:162.27,163.21 1 0
github.com/telekom/controlplane/rover/internal/webhook/rover_webhook.go:163.21,164.60 1 0
github.com/telekom/controlplane/rover/internal/webhook/rover_webhook.go:164.60,166.5 1 0
github.com/telekom/controlplane/rover/internal/webhook/rover_webhook.go:167.4,167.42 1 0
github.com/telekom/controlplane/rover/internal/webhook/rover_webhook.go:170.3,170.23 1 0
github.com/telekom/controlplane/rover/internal/webhook/rover_webhook.go:170.23,171.63 1 0
github.com/telekom/controlplane/rover/internal/webhook/rover_webhook.go:171.63,173.5 1 0
github.com/telekom/controlplane/rover/internal/webhook/rover_webhook.go:174.4,174.45 1 0
github.com/telekom/controlplane/rover/internal/webhook/rover_webhook.go:178.2,179.32 2 0
github.com/telekom/controlplane/rover/internal/webhook/rover_webhook.go:179.32,180.26 1 0
github.com/telekom/controlplane/rover/internal/webhook/rover_webhook.go:180.26,181.65 1 0
github.com/telekom/controlplane/rover/internal/webhook/rover_webhook.go:181.65,183.5 1 0
github.com/telekom/controlplane/rover/internal/webhook/rover_webhook.go:184.4,184.47 1 0
github.com/telekom/controlplane/rover/internal/webhook/rover_webhook.go:187.3,187.28 1 0
github.com/telekom/controlplane/rover/internal/webhook/rover_webhook.go:187.28,188.68 1 0
github.com/telekom/controlplane/rover/internal/webhook/rover_webhook.go:188.68,190.5 1 0
github.com/telekom/controlplane/rover/internal/webhook/rover_webhook.go:191.4,191.50 1 0
github.com/telekom/controlplane/rover/internal/webhook/rover_webhook.go:195.2,195.12 1 0
github.com/telekom/controlplane/rover/internal/controller/apispecification_controller.go:41.108,43.2 1 1
github.com/telekom/controlplane/rover/internal/controller/apispecification_controller.go:46.79,58.2 3 1
github.com/telekom/controlplane/rover/internal/controller/index.go:18.66,21.16 2 1
github.com/telekom/controlplane/rover/internal/controller/index.go:21.16,24.3 2 0
github.com/telekom/controlplane/rover/internal/controller/index.go:26.2,27.16 2 1
github.com/telekom/controlplane/rover/internal/controller/index.go:27.16,30.3 2 0
github.com/telekom/controlplane/rover/internal/controller/index.go:31.2,32.16 2 1
github.com/telekom/controlplane/rover/internal/controller/index.go:32.16,35.3 2 0
github.com/telekom/controlplane/rover/internal/controller/index.go:36.2,37.16 2 1
github.com/telekom/controlplane/rover/internal/controller/index.go:37.16,40.3 2 0
github.com/telekom/controlplane/rover/internal/controller/rover_controller.go:46.97,48.2 1 1
github.com/telekom/controlplane/rover/internal/controller/rover_controller.go:51.68,65.2 3 1
